2026-06-15 15:29:21 - life_tracker - ERROR - 应用错误: list.index(x): x not in list
2026-06-15 15:29:28 - life_tracker - ERROR - 应用错误: list.index(x): x not in list
2026-06-15 15:31:53 - life_tracker - ERROR - 应用错误: list.index(x): x not in list
2026-06-15 15:31:54 - life_tracker - ERROR - 应用错误: list.index(x): x not in list
2026-06-15 15:32:01 - life_tracker - ERROR - 应用错误: list.index(x): x not in list
2026-06-15 15:55:28 - life_tracker - ERROR - 应用错误: unsupported operand type(s) for -: 'NoneType' and 'int'
2026-06-15 17:03:56 - life_tracker - ERROR - 应用错误: no such table: food_database
2026-06-15 17:03:59 - life_tracker - ERROR - 应用错误: no such table: food_database
2026-06-15 17:04:08 - life_tracker - ERROR - 应用错误: no such table: food_database
2026-06-15 17:06:58 - life_tracker - ERROR - 应用错误: no such table: diet_records
2026-06-15 17:07:08 - life_tracker - ERROR - 应用错误: no such table: food_database
2026-06-15 19:15:05 - life_tracker - ERROR - 应用错误: cannot import name 'ExpenseTracker' from 'modules.expense.expense_tracker' (C:\Users\27953\Desktop\程序设计与应用\期末作品\st_how_the_things\modules\expense\expense_tracker.py)
2026-06-15 19:18:48 - life_tracker - ERROR - 应用错误: No module named 'plotly'
2026-06-15 19:18:58 - life_tracker - ERROR - 应用错误: No module named 'plotly'
2026-06-15 19:28:04 - life_tracker - ERROR - 应用错误: ButtonMixin.button() got an unexpected keyword argument 'hidden'
2026-06-15 19:28:10 - life_tracker - ERROR - 应用错误: ButtonMixin.button() got an unexpected keyword argument 'hidden'
2026-06-15 19:28:14 - life_tracker - ERROR - 应用错误: ButtonMixin.button() got an unexpected keyword argument 'hidden'
2026-06-15 19:28:16 - life_tracker - ERROR - 应用错误: ButtonMixin.button() got an unexpected keyword argument 'hidden'
2026-06-15 19:48:27 - life_tracker - ERROR - 应用错误: no such table: sleep_records
2026-06-15 19:49:25 - life_tracker - ERROR - 应用错误: no such table: exercise_records
2026-06-15 19:51:50 - life_tracker - ERROR - 应用错误: no such table: exercise_records
2026-06-15 19:51:53 - life_tracker - ERROR - 应用错误: no such table: sleep_records
2026-06-15 19:51:56 - life_tracker - ERROR - 应用错误: no such table: exercise_records
2026-06-15 19:54:43 - life_tracker - ERROR - 应用错误: ExerciseRecord.__init__() got an unexpected keyword argument 'created_at'
2026-06-15 19:58:38 - life_tracker - ERROR - 应用错误: SleepRecord.__init__() got an unexpected keyword argument 'created_at'
2026-06-15 19:59:20 - life_tracker - ERROR - 应用错误: SleepRecord.__init__() got an unexpected keyword argument 'created_at'
2026-06-15 20:12:01 - life_tracker - ERROR - 应用错误: cannot import name 'EXERCISE_INFO' from 'modules.exercise.exercise_tracker' (C:\Users\27953\Desktop\程序设计与应用\期末作品\st_how_the_things\modules\exercise\exercise_tracker.py)
2026-06-15 20:32:13 - life_tracker - ERROR - 应用错误: No module named 'utils.quotes'
2026-06-15 20:32:18 - life_tracker - ERROR - 应用错误: No module named 'utils.quotes'
